18:18:54.842 [main] INFO  com.qa.opencart.pages.ProductDetailsPage - Product metadata count is:4
18:18:54.884 [main] INFO  com.qa.opencart.pages.ProductDetailsPage - split the metatext based on :
18:18:54.884 [main] INFO  com.qa.opencart.pages.ProductDetailsPage - fetch meta key and value
18:18:54.884 [main] INFO  com.qa.opencart.pages.ProductDetailsPage - Store meta key and value in the map
18:18:54.897 [main] INFO  com.qa.opencart.pages.ProductDetailsPage - split the metatext based on :
18:18:54.897 [main] INFO  com.qa.opencart.pages.ProductDetailsPage - fetch meta key and value
18:18:54.897 [main] INFO  com.qa.opencart.pages.ProductDetailsPage - Store meta key and value in the map
18:18:54.917 [main] INFO  com.qa.opencart.pages.ProductDetailsPage - split the metatext based on :
18:18:54.917 [main] INFO  com.qa.opencart.pages.ProductDetailsPage - fetch meta key and value
18:18:54.917 [main] INFO  com.qa.opencart.pages.ProductDetailsPage - Store meta key and value in the map
18:18:54.928 [main] INFO  com.qa.opencart.pages.ProductDetailsPage - split the metatext based on :
18:18:54.928 [main] INFO  com.qa.opencart.pages.ProductDetailsPage - fetch meta key and value
18:18:54.928 [main] INFO  com.qa.opencart.pages.ProductDetailsPage - Store meta key and value in the map
18:18:54.943 [main] INFO  com.qa.opencart.pages.ProductDetailsPage - Product meta price count is:2
18:18:54.999 [main] INFO  com.qa.opencart.pages.ProductDetailsPage - store the price values in the map
18:18:55.205 [main] INFO  com.qa.opencart.testcase.ProductDetailsPageTest - click on logout link
18:18:55.205 [main] INFO  com.qa.opencart.pages.MyAccountPage - click on My Account menu link
18:18:57.440 [main] INFO  com.qa.opencart.pages.MyAccountPage - click on logout link
18:19:00.358 [main] INFO  com.qa.opencart.utils.WebDriverUtils - Title of the page is :: Account Logout
18:19:00.358 [main] INFO  com.qa.opencart.testcase.ProductDetailsPageTest - Click on Continue button in Logout page
18:19:00.358 [main] INFO  com.qa.opencart.pages.LogoutPage - click on continue btn in logout page
18:19:03.327 [main] INFO  com.qa.opencart.utils.WebDriverUtils - Title of the page is :: Your Store
18:19:05.056 [main] INFO  com.qa.opencart.factory.WebDriverFactory - clear the cache/cookies 
18:19:05.070 [main] INFO  com.qa.opencart.factory.WebDriverFactory - adding implicit wait 
18:19:05.075 [main] INFO  com.qa.opencart.factory.WebDriverFactory - maximize the window
18:19:05.239 [main] INFO  com.qa.opencart.factory.TestBase - create object for WebDriverWait class
18:19:08.400 [main] INFO  com.qa.opencart.testcase.RegistrationPageTest - Initilizing the page class objects
18:19:08.403 [main] INFO  com.qa.opencart.testcase.RegistrationPageTest - navigate to registration page
18:19:08.403 [main] INFO  com.qa.opencart.pages.HomePage - Opening my account menu
18:19:10.607 [main] INFO  com.qa.opencart.pages.HomePage - clcik on registerLink under my account menu
18:19:13.676 [main] INFO  com.qa.opencart.testcase.RegistrationPageTest - Verify the registration page title
18:19:13.693 [main] INFO  com.qa.opencart.utils.WebDriverUtils - Title of the page is :: Register Account
18:19:13.698 [main] INFO  com.qa.opencart.testcase.RegistrationPageTest - Register an account with faker class data test
18:19:13.698 [main] INFO  com.qa.opencart.testcase.RegistrationPageTest - Entering personal details
18:19:13.698 [main] INFO  com.qa.opencart.pages.RegistrationPage - Type the first name value
18:19:16.016 [main] INFO  com.qa.opencart.pages.RegistrationPage - Type the last name value
18:19:18.298 [main] INFO  com.qa.opencart.pages.RegistrationPage - Type the email value
18:19:20.619 [main] INFO  com.qa.opencart.pages.RegistrationPage - Type the telephone value
18:19:22.967 [main] INFO  com.qa.opencart.pages.RegistrationPage - Type the email value
18:19:25.292 [main] INFO  com.qa.opencart.testcase.RegistrationPageTest - Entering address details
18:19:25.292 [main] INFO  com.qa.opencart.pages.RegistrationPage - Type the Company value
18:19:27.602 [main] INFO  com.qa.opencart.pages.RegistrationPage - Type the address1 value
18:19:29.884 [main] INFO  com.qa.opencart.pages.RegistrationPage - Type the address2 value
18:19:32.161 [main] INFO  com.qa.opencart.pages.RegistrationPage - Type the City value
18:19:34.463 [main] INFO  com.qa.opencart.pages.RegistrationPage - Enter the postCode value:
18:19:36.739 [main] INFO  com.qa.opencart.pages.RegistrationPage - select an option from country dropdown by label
18:19:36.944 [main] INFO  com.qa.opencart.utils.WebDriverUtils - Selected option : United States
18:19:36.956 [main] INFO  com.qa.opencart.pages.RegistrationPage - select an option from State dropdown by label
18:19:37.289 [main] INFO  com.qa.opencart.utils.WebDriverUtils - Selected option : Mississippi
18:19:37.289 [main] INFO  com.qa.opencart.testcase.RegistrationPageTest - setting the password 
18:19:37.290 [main] INFO  com.qa.opencart.pages.RegistrationPage - Enter the password value:
18:19:39.591 [main] INFO  com.qa.opencart.pages.RegistrationPage - Enter the email value:
18:19:41.882 [main] INFO  com.qa.opencart.testcase.RegistrationPageTest - selecting the subscribe option yes
18:19:41.882 [main] INFO  com.qa.opencart.pages.RegistrationPage - select newsletter subscription value
18:19:41.882 [main] INFO  com.qa.opencart.pages.RegistrationPage - Select Yes radio button
18:19:44.081 [main] INFO  com.qa.opencart.testcase.RegistrationPageTest - check the privacy policy checkbox
18:19:44.081 [main] INFO  com.qa.opencart.pages.RegistrationPage - check Agree checkbox
18:19:44.123 [main] INFO  com.qa.opencart.utils.WebDriverUtils - Element  is already selected:[[ChromeDriver: chrome on windows (a56378b4dbeda6b7c25f3d226ceb2bc6)] -> css selector: input[value='1'][name='agree']]
18:19:48.340 [main] INFO  com.qa.opencart.utils.WebDriverUtils - Element is checked::[[ChromeDriver: chrome on windows (a56378b4dbeda6b7c25f3d226ceb2bc6)] -> css selector: input[value='1'][name='agree']]
18:19:48.340 [main] INFO  com.qa.opencart.testcase.RegistrationPageTest - click on Continue button in registration page
18:19:48.340 [main] INFO  com.qa.opencart.pages.RegistrationPage - click Continue button
18:19:51.371 [main] INFO  com.qa.opencart.testcase.RegistrationPageTest - Verify the Account creation Success message and header text
18:19:55.626 [main] INFO  com.qa.opencart.testcase.RegistrationPageTest - Click on Account Created Continue button
18:19:55.626 [main] INFO  com.qa.opencart.pages.RegistrationPage - clicking on accntCreatedContinueBtn
18:20:17.748 [main] INFO  com.qa.opencart.testcase.RegistrationPageTest - wait for the my account page
18:20:17.965 [main] INFO  com.qa.opencart.testcase.RegistrationPageTest - Verify my account page title
18:20:17.973 [main] INFO  com.qa.opencart.utils.WebDriverUtils - Title of the page is :: My Account
18:20:17.974 [main] INFO  com.qa.opencart.testcase.RegistrationPageTest - click on logout link
18:20:17.974 [main] INFO  com.qa.opencart.pages.MyAccountPage - click on My Account menu link
18:20:20.212 [main] INFO  com.qa.opencart.pages.MyAccountPage - click on logout link
18:20:23.120 [main] INFO  com.qa.opencart.utils.WebDriverUtils - Title of the page is :: Account Logout
18:20:23.121 [main] INFO  com.qa.opencart.testcase.RegistrationPageTest - Click on Continue button in Logout page
18:20:23.121 [main] INFO  com.qa.opencart.pages.LogoutPage - click on continue btn in logout page
18:20:25.911 [main] INFO  com.qa.opencart.utils.WebDriverUtils - Title of the page is :: Your Store
18:20:27.245 [main] INFO  com.qa.opencart.testcase.RegistrationPageTest - navigate to registration page
18:20:27.245 [main] INFO  com.qa.opencart.pages.HomePage - Opening my account menu
18:20:29.421 [main] INFO  com.qa.opencart.pages.HomePage - clcik on registerLink under my account menu
18:20:32.131 [main] INFO  com.qa.opencart.testcase.RegistrationPageTest - Verify the registration page title
18:20:32.141 [main] INFO  com.qa.opencart.utils.WebDriverUtils - Title of the page is :: Register Account
18:20:32.148 [main] INFO  com.qa.opencart.testcase.RegistrationPageTest - Register an account with Excel data
18:20:32.149 [main] INFO  com.qa.opencart.testcase.RegistrationPageTest - Entering personal details
18:20:32.150 [main] INFO  com.qa.opencart.pages.RegistrationPage - Type the first name value
18:20:34.438 [main] INFO  com.qa.opencart.pages.RegistrationPage - Type the last name value
18:20:36.728 [main] INFO  com.qa.opencart.pages.RegistrationPage - Type the email value
18:20:39.055 [main] INFO  com.qa.opencart.pages.RegistrationPage - Type the telephone value
18:20:41.350 [main] INFO  com.qa.opencart.pages.RegistrationPage - Type the email value
18:20:43.675 [main] INFO  com.qa.opencart.testcase.RegistrationPageTest - Entering address details
18:20:43.675 [main] INFO  com.qa.opencart.pages.RegistrationPage - Type the Company value
18:20:46.004 [main] INFO  com.qa.opencart.pages.RegistrationPage - Type the address1 value
18:20:48.271 [main] INFO  com.qa.opencart.pages.RegistrationPage - Type the address2 value
18:20:50.576 [main] INFO  com.qa.opencart.pages.RegistrationPage - Type the City value
18:20:52.862 [main] INFO  com.qa.opencart.pages.RegistrationPage - Enter the postCode value:
18:20:55.116 [main] INFO  com.qa.opencart.pages.RegistrationPage - select an option from country dropdown by label
18:20:55.318 [main] INFO  com.qa.opencart.utils.WebDriverUtils - Selected option : United States
18:20:55.326 [main] INFO  com.qa.opencart.pages.RegistrationPage - select an option from State dropdown by label
18:20:55.659 [main] INFO  com.qa.opencart.utils.WebDriverUtils - Selected option : Mississippi
18:20:55.659 [main] INFO  com.qa.opencart.testcase.RegistrationPageTest - setting the password 
18:20:55.660 [main] INFO  com.qa.opencart.pages.RegistrationPage - Enter the password value:
18:20:57.935 [main] INFO  com.qa.opencart.pages.RegistrationPage - Enter the email value:
18:21:00.260 [main] INFO  com.qa.opencart.testcase.RegistrationPageTest - selecting the subscribe option yes
18:21:00.261 [main] INFO  com.qa.opencart.pages.RegistrationPage - select newsletter subscription value
18:21:00.261 [main] INFO  com.qa.opencart.pages.RegistrationPage - Select Yes radio button
18:21:02.427 [main] INFO  com.qa.opencart.testcase.RegistrationPageTest - check the privacy policy checkbox
18:21:02.427 [main] INFO  com.qa.opencart.pages.RegistrationPage - check Agree checkbox
18:21:02.467 [main] INFO  com.qa.opencart.utils.WebDriverUtils - Element  is already selected:[[ChromeDriver: chrome on windows (a56378b4dbeda6b7c25f3d226ceb2bc6)] -> css selector: input[value='1'][name='agree']]
18:21:06.706 [main] INFO  com.qa.opencart.utils.WebDriverUtils - Element is checked::[[ChromeDriver: chrome on windows (a56378b4dbeda6b7c25f3d226ceb2bc6)] -> css selector: input[value='1'][name='agree']]
18:21:06.707 [main] INFO  com.qa.opencart.testcase.RegistrationPageTest - click on Continue button in registration page
18:21:06.707 [main] INFO  com.qa.opencart.pages.RegistrationPage - click Continue button
18:21:09.928 [main] INFO  com.qa.opencart.testcase.RegistrationPageTest - Verify the Account creation Success message and header text
18:21:14.163 [main] INFO  com.qa.opencart.testcase.RegistrationPageTest - Click on Account Created Continue button
18:21:14.163 [main] INFO  com.qa.opencart.pages.RegistrationPage - clicking on accntCreatedContinueBtn
18:21:17.059 [main] INFO  com.qa.opencart.testcase.RegistrationPageTest - wait for the my account page
18:21:17.282 [main] INFO  com.qa.opencart.testcase.RegistrationPageTest - Verify my account page title
18:21:17.294 [main] INFO  com.qa.opencart.utils.WebDriverUtils - Title of the page is :: My Account
18:21:17.295 [main] INFO  com.qa.opencart.testcase.RegistrationPageTest - click on logout link
18:21:17.295 [main] INFO  com.qa.opencart.pages.MyAccountPage - click on My Account menu link
18:21:19.503 [main] INFO  com.qa.opencart.pages.MyAccountPage - click on logout link
18:21:22.413 [main] INFO  com.qa.opencart.utils.WebDriverUtils - Title of the page is :: Account Logout
18:21:22.413 [main] INFO  com.qa.opencart.testcase.RegistrationPageTest - Click on Continue button in Logout page
18:21:22.413 [main] INFO  com.qa.opencart.pages.LogoutPage - click on continue btn in logout page
18:21:25.160 [main] INFO  com.qa.opencart.utils.WebDriverUtils - Title of the page is :: Your Store
18:21:25.163 [main] INFO  com.qa.opencart.testcase.RegistrationPageTest - navigate to registration page
18:21:25.164 [main] INFO  com.qa.opencart.pages.HomePage - Opening my account menu
18:21:27.340 [main] INFO  com.qa.opencart.pages.HomePage - clcik on registerLink under my account menu
18:21:30.173 [main] INFO  com.qa.opencart.testcase.RegistrationPageTest - Verify the registration page title
18:21:30.190 [main] INFO  com.qa.opencart.utils.WebDriverUtils - Title of the page is :: Register Account
18:21:30.200 [main] INFO  com.qa.opencart.testcase.RegistrationPageTest - Register an account with Excel data
18:21:30.200 [main] INFO  com.qa.opencart.testcase.RegistrationPageTest - Entering personal details
18:21:30.200 [main] INFO  com.qa.opencart.pages.RegistrationPage - Type the first name value
18:21:32.487 [main] INFO  com.qa.opencart.pages.RegistrationPage - Type the last name value
18:21:34.786 [main] INFO  com.qa.opencart.pages.RegistrationPage - Type the email value
18:21:37.088 [main] INFO  com.qa.opencart.pages.RegistrationPage - Type the telephone value
18:21:39.393 [main] INFO  com.qa.opencart.pages.RegistrationPage - Type the email value
18:21:41.701 [main] INFO  com.qa.opencart.testcase.RegistrationPageTest - Entering address details
18:21:41.702 [main] INFO  com.qa.opencart.pages.RegistrationPage - Type the Company value
18:21:43.992 [main] INFO  com.qa.opencart.pages.RegistrationPage - Type the address1 value
18:21:46.237 [main] INFO  com.qa.opencart.pages.RegistrationPage - Type the address2 value
18:21:48.535 [main] INFO  com.qa.opencart.pages.RegistrationPage - Type the City value
18:21:50.851 [main] INFO  com.qa.opencart.pages.RegistrationPage - Enter the postCode value:
18:21:53.118 [main] INFO  com.qa.opencart.pages.RegistrationPage - select an option from country dropdown by label
18:21:53.306 [main] INFO  com.qa.opencart.utils.WebDriverUtils - Selected option : United States
18:21:53.314 [main] INFO  com.qa.opencart.pages.RegistrationPage - select an option from State dropdown by label
18:21:53.662 [main] INFO  com.qa.opencart.utils.WebDriverUtils - Selected option : Mississippi
18:21:53.662 [main] INFO  com.qa.opencart.testcase.RegistrationPageTest - setting the password 
18:21:53.662 [main] INFO  com.qa.opencart.pages.RegistrationPage - Enter the password value:
18:21:55.949 [main] INFO  com.qa.opencart.pages.RegistrationPage - Enter the email value:
18:21:58.231 [main] INFO  com.qa.opencart.testcase.RegistrationPageTest - selecting the subscribe option yes
18:21:58.232 [main] INFO  com.qa.opencart.pages.RegistrationPage - select newsletter subscription value
18:21:58.232 [main] INFO  com.qa.opencart.pages.RegistrationPage - Select No radio button
18:22:00.405 [main] INFO  com.qa.opencart.testcase.RegistrationPageTest - check the privacy policy checkbox
18:22:00.405 [main] INFO  com.qa.opencart.pages.RegistrationPage - check Agree checkbox
18:22:00.442 [main] INFO  com.qa.opencart.utils.WebDriverUtils - Element  is already selected:[[ChromeDriver: chrome on windows (a56378b4dbeda6b7c25f3d226ceb2bc6)] -> css selector: input[value='1'][name='agree']]
18:22:04.667 [main] INFO  com.qa.opencart.utils.WebDriverUtils - Element is checked::[[ChromeDriver: chrome on windows (a56378b4dbeda6b7c25f3d226ceb2bc6)] -> css selector: input[value='1'][name='agree']]
18:22:04.668 [main] INFO  com.qa.opencart.testcase.RegistrationPageTest - click on Continue button in registration page
18:22:04.668 [main] INFO  com.qa.opencart.pages.RegistrationPage - click Continue button
18:22:07.653 [main] INFO  com.qa.opencart.testcase.RegistrationPageTest - Verify the Account creation Success message and header text
18:22:11.875 [main] INFO  com.qa.opencart.testcase.RegistrationPageTest - Click on Account Created Continue button
18:22:11.875 [main] INFO  com.qa.opencart.pages.RegistrationPage - clicking on accntCreatedContinueBtn
18:22:14.480 [main] INFO  com.qa.opencart.testcase.RegistrationPageTest - wait for the my account page
18:22:14.684 [main] INFO  com.qa.opencart.testcase.RegistrationPageTest - Verify my account page title
18:22:14.695 [main] INFO  com.qa.opencart.utils.WebDriverUtils - Title of the page is :: My Account
18:22:14.695 [main] INFO  com.qa.opencart.testcase.RegistrationPageTest - click on logout link
18:22:14.695 [main] INFO  com.qa.opencart.pages.MyAccountPage - click on My Account menu link
18:22:16.881 [main] INFO  com.qa.opencart.pages.MyAccountPage - click on logout link
18:22:19.787 [main] INFO  com.qa.opencart.utils.WebDriverUtils - Title of the page is :: Account Logout
18:22:19.787 [main] INFO  com.qa.opencart.testcase.RegistrationPageTest - Click on Continue button in Logout page
18:22:19.787 [main] INFO  com.qa.opencart.pages.LogoutPage - click on continue btn in logout page
18:22:22.573 [main] INFO  com.qa.opencart.utils.WebDriverUtils - Title of the page is :: Your Store
18:22:22.575 [main] INFO  com.qa.opencart.testcase.RegistrationPageTest - navigate to registration page
18:22:22.575 [main] INFO  com.qa.opencart.pages.HomePage - Opening my account menu
18:22:24.751 [main] INFO  com.qa.opencart.pages.HomePage - clcik on registerLink under my account menu
18:22:27.893 [main] INFO  com.qa.opencart.testcase.RegistrationPageTest - Verify the registration page title
18:22:27.901 [main] INFO  com.qa.opencart.utils.WebDriverUtils - Title of the page is :: Register Account
18:22:27.907 [main] INFO  com.qa.opencart.testcase.RegistrationPageTest - Register an account with Excel data
18:22:27.907 [main] INFO  com.qa.opencart.testcase.RegistrationPageTest - Entering personal details
18:22:27.907 [main] INFO  com.qa.opencart.pages.RegistrationPage - Type the first name value
18:22:30.189 [main] INFO  com.qa.opencart.pages.RegistrationPage - Type the last name value
18:22:32.439 [main] INFO  com.qa.opencart.pages.RegistrationPage - Type the email value
18:22:34.758 [main] INFO  com.qa.opencart.pages.RegistrationPage - Type the telephone value
18:22:37.029 [main] INFO  com.qa.opencart.pages.RegistrationPage - Type the email value
18:22:39.368 [main] INFO  com.qa.opencart.testcase.RegistrationPageTest - Entering address details
18:22:39.368 [main] INFO  com.qa.opencart.pages.RegistrationPage - Type the Company value
18:22:41.677 [main] INFO  com.qa.opencart.pages.RegistrationPage - Type the address1 value
18:22:43.921 [main] INFO  com.qa.opencart.pages.RegistrationPage - Type the address2 value
18:22:46.192 [main] INFO  com.qa.opencart.pages.RegistrationPage - Type the City value
18:22:48.477 [main] INFO  com.qa.opencart.pages.RegistrationPage - Enter the postCode value:
18:22:50.720 [main] INFO  com.qa.opencart.pages.RegistrationPage - select an option from country dropdown by label
18:22:50.902 [main] INFO  com.qa.opencart.utils.WebDriverUtils - Selected option : United States
18:22:50.909 [main] INFO  com.qa.opencart.pages.RegistrationPage - select an option from State dropdown by label
18:22:51.223 [main] INFO  com.qa.opencart.utils.WebDriverUtils - Selected option : Mississippi
18:22:51.223 [main] INFO  com.qa.opencart.testcase.RegistrationPageTest - setting the password 
18:22:51.223 [main] INFO  com.qa.opencart.pages.RegistrationPage - Enter the password value:
18:22:53.525 [main] INFO  com.qa.opencart.pages.RegistrationPage - Enter the email value:
18:22:55.803 [main] INFO  com.qa.opencart.testcase.RegistrationPageTest - selecting the subscribe option yes
18:22:55.803 [main] INFO  com.qa.opencart.pages.RegistrationPage - select newsletter subscription value
18:22:55.803 [main] INFO  com.qa.opencart.pages.RegistrationPage - Select Yes radio button
18:22:57.997 [main] INFO  com.qa.opencart.testcase.RegistrationPageTest - check the privacy policy checkbox
18:22:57.997 [main] INFO  com.qa.opencart.pages.RegistrationPage - check Agree checkbox
18:22:58.033 [main] INFO  com.qa.opencart.utils.WebDriverUtils - Element  is already selected:[[ChromeDriver: chrome on windows (a56378b4dbeda6b7c25f3d226ceb2bc6)] -> css selector: input[value='1'][name='agree']]
18:23:02.255 [main] INFO  com.qa.opencart.utils.WebDriverUtils - Element is checked::[[ChromeDriver: chrome on windows (a56378b4dbeda6b7c25f3d226ceb2bc6)] -> css selector: input[value='1'][name='agree']]
18:23:02.255 [main] INFO  com.qa.opencart.testcase.RegistrationPageTest - click on Continue button in registration page
18:23:02.255 [main] INFO  com.qa.opencart.pages.RegistrationPage - click Continue button
18:23:05.217 [main] INFO  com.qa.opencart.testcase.RegistrationPageTest - Verify the Account creation Success message and header text
18:23:09.437 [main] INFO  com.qa.opencart.testcase.RegistrationPageTest - Click on Account Created Continue button
18:23:09.437 [main] INFO  com.qa.opencart.pages.RegistrationPage - clicking on accntCreatedContinueBtn
18:23:12.052 [main] INFO  com.qa.opencart.testcase.RegistrationPageTest - wait for the my account page
18:23:12.275 [main] INFO  com.qa.opencart.testcase.RegistrationPageTest - Verify my account page title
18:23:12.293 [main] INFO  com.qa.opencart.utils.WebDriverUtils - Title of the page is :: My Account
18:23:12.293 [main] INFO  com.qa.opencart.testcase.RegistrationPageTest - click on logout link
18:23:12.293 [main] INFO  com.qa.opencart.pages.MyAccountPage - click on My Account menu link
18:23:14.482 [main] INFO  com.qa.opencart.pages.MyAccountPage - click on logout link
18:23:17.413 [main] INFO  com.qa.opencart.utils.WebDriverUtils - Title of the page is :: Account Logout
18:23:17.413 [main] INFO  com.qa.opencart.testcase.RegistrationPageTest - Click on Continue button in Logout page
18:23:17.413 [main] INFO  com.qa.opencart.pages.LogoutPage - click on continue btn in logout page
18:23:20.212 [main] INFO  com.qa.opencart.utils.WebDriverUtils - Title of the page is :: Your Store
18:23:20.215 [main] INFO  com.qa.opencart.testcase.RegistrationPageTest - navigate to registration page
18:23:20.215 [main] INFO  com.qa.opencart.pages.HomePage - Opening my account menu
18:23:22.406 [main] INFO  com.qa.opencart.pages.HomePage - clcik on registerLink under my account menu
18:23:25.314 [main] INFO  com.qa.opencart.testcase.RegistrationPageTest - Verify the registration page title
18:23:25.337 [main] INFO  com.qa.opencart.utils.WebDriverUtils - Title of the page is :: Register Account
18:23:25.344 [main] INFO  com.qa.opencart.testcase.RegistrationPageTest - Register an account with Excel data
18:23:25.344 [main] INFO  com.qa.opencart.testcase.RegistrationPageTest - Entering personal details
18:23:25.345 [main] INFO  com.qa.opencart.pages.RegistrationPage - Type the first name value
18:23:27.620 [main] INFO  com.qa.opencart.pages.RegistrationPage - Type the last name value
18:23:29.885 [main] INFO  com.qa.opencart.pages.RegistrationPage - Type the email value
18:23:32.175 [main] INFO  com.qa.opencart.pages.RegistrationPage - Type the telephone value
18:23:34.479 [main] INFO  com.qa.opencart.pages.RegistrationPage - Type the email value
18:23:36.798 [main] INFO  com.qa.opencart.testcase.RegistrationPageTest - Entering address details
18:23:36.798 [main] INFO  com.qa.opencart.pages.RegistrationPage - Type the Company value
18:23:39.116 [main] INFO  com.qa.opencart.pages.RegistrationPage - Type the address1 value
18:23:41.391 [main] INFO  com.qa.opencart.pages.RegistrationPage - Type the address2 value
18:23:43.670 [main] INFO  com.qa.opencart.pages.RegistrationPage - Type the City value
18:23:45.978 [main] INFO  com.qa.opencart.pages.RegistrationPage - Enter the postCode value:
18:23:48.226 [main] INFO  com.qa.opencart.pages.RegistrationPage - select an option from country dropdown by label
18:23:48.394 [main] INFO  com.qa.opencart.utils.WebDriverUtils - Selected option : United States
18:23:48.402 [main] INFO  com.qa.opencart.pages.RegistrationPage - select an option from State dropdown by label
18:23:48.722 [main] INFO  com.qa.opencart.utils.WebDriverUtils - Selected option : Mississippi
18:23:48.722 [main] INFO  com.qa.opencart.testcase.RegistrationPageTest - setting the password 
18:23:48.723 [main] INFO  com.qa.opencart.pages.RegistrationPage - Enter the password value:
18:23:51.020 [main] INFO  com.qa.opencart.pages.RegistrationPage - Enter the email value:
18:23:53.317 [main] INFO  com.qa.opencart.testcase.RegistrationPageTest - selecting the subscribe option yes
18:23:53.317 [main] INFO  com.qa.opencart.pages.RegistrationPage - select newsletter subscription value
18:23:53.317 [main] INFO  com.qa.opencart.pages.RegistrationPage - Select No radio button
18:23:55.497 [main] INFO  com.qa.opencart.testcase.RegistrationPageTest - check the privacy policy checkbox
18:23:55.498 [main] INFO  com.qa.opencart.pages.RegistrationPage - check Agree checkbox
18:23:55.537 [main] INFO  com.qa.opencart.utils.WebDriverUtils - Element  is already selected:[[ChromeDriver: chrome on windows (a56378b4dbeda6b7c25f3d226ceb2bc6)] -> css selector: input[value='1'][name='agree']]
18:23:59.773 [main] INFO  com.qa.opencart.utils.WebDriverUtils - Element is checked::[[ChromeDriver: chrome on windows (a56378b4dbeda6b7c25f3d226ceb2bc6)] -> css selector: input[value='1'][name='agree']]
18:23:59.773 [main] INFO  com.qa.opencart.testcase.RegistrationPageTest - click on Continue button in registration page
18:23:59.773 [main] INFO  com.qa.opencart.pages.RegistrationPage - click Continue button
18:24:02.760 [main] INFO  com.qa.opencart.testcase.RegistrationPageTest - Verify the Account creation Success message and header text
18:24:06.972 [main] INFO  com.qa.opencart.testcase.RegistrationPageTest - Click on Account Created Continue button
18:24:06.973 [main] INFO  com.qa.opencart.pages.RegistrationPage - clicking on accntCreatedContinueBtn
18:24:09.913 [main] INFO  com.qa.opencart.testcase.RegistrationPageTest - wait for the my account page
18:24:10.135 [main] INFO  com.qa.opencart.testcase.RegistrationPageTest - Verify my account page title
18:24:10.156 [main] INFO  com.qa.opencart.utils.WebDriverUtils - Title of the page is :: My Account
18:24:10.156 [main] INFO  com.qa.opencart.testcase.RegistrationPageTest - click on logout link
18:24:10.156 [main] INFO  com.qa.opencart.pages.MyAccountPage - click on My Account menu link
18:24:12.356 [main] INFO  com.qa.opencart.pages.MyAccountPage - click on logout link
18:24:15.256 [main] INFO  com.qa.opencart.utils.WebDriverUtils - Title of the page is :: Account Logout
18:24:15.256 [main] INFO  com.qa.opencart.testcase.RegistrationPageTest - Click on Continue button in Logout page
18:24:15.256 [main] INFO  com.qa.opencart.pages.LogoutPage - click on continue btn in logout page
18:24:18.058 [main] INFO  com.qa.opencart.utils.WebDriverUtils - Title of the page is :: Your Store
18:27:19.802 [main] INFO  com.qa.opencart.testcase.RegistrationPageTest - Creating Object for Faker class
18:27:23.616 [main] INFO  com.qa.opencart.factory.WebDriverFactory - clear the cache/cookies 
18:27:23.641 [main] INFO  com.qa.opencart.factory.WebDriverFactory - adding implicit wait 
18:27:23.649 [main] INFO  com.qa.opencart.factory.WebDriverFactory - maximize the window
18:27:23.783 [main] INFO  com.qa.opencart.factory.TestBase - create object for WebDriverWait class
18:27:26.716 [main] INFO  com.qa.opencart.testcase.HomePageTest - Initilizing the page classe objects
18:27:26.949 [main] INFO  com.qa.opencart.testcase.HomePageTest - Verify the logo element
18:27:26.949 [main] INFO  com.qa.opencart.pages.HomePage - Verifying opencart logo is present or not
18:27:27.389 [main] INFO  com.qa.opencart.utils.WebDriverUtils - Title of the page is :: Your Store
18:27:27.408 [main] INFO  com.qa.opencart.testcase.HomePageTest - Verify the opencart page title
18:27:27.417 [main] INFO  com.qa.opencart.utils.WebDriverUtils - Title of the page is :: Your Store
18:27:27.732 [main] INFO  com.qa.opencart.utils.WebDriverUtils - Title of the page is :: Your Store
18:27:27.755 [main] INFO  com.qa.opencart.testcase.HomePageTest - Verifying the featiured section cards count
18:27:27.756 [main] INFO  com.qa.opencart.pages.HomePage - fetching Featured section cards count
18:27:28.098 [main] INFO  com.qa.opencart.utils.WebDriverUtils - Title of the page is :: Your Store
18:27:28.120 [main] INFO  com.qa.opencart.testcase.HomePageTest - navigate to registration page
18:27:28.120 [main] INFO  com.qa.opencart.pages.HomePage - Opening my account menu
18:27:30.346 [main] INFO  com.qa.opencart.pages.HomePage - clcik on registerLink under my account menu
18:27:33.247 [main] INFO  com.qa.opencart.testcase.HomePageTest - Verify the Registration page title
18:27:33.258 [main] INFO  com.qa.opencart.utils.WebDriverUtils - Title of the page is :: Register Account
18:27:33.258 [main] INFO  com.qa.opencart.testcase.HomePageTest - navigate back to home page
18:27:33.258 [main] INFO  com.qa.opencart.pages.RegistrationPage - click on breadcrumb home icon
18:27:36.893 [main] INFO  com.qa.opencart.utils.WebDriverUtils - Title of the page is :: Your Store
18:27:36.917 [main] INFO  com.qa.opencart.testcase.HomePageTest - navigate to login page
18:27:36.918 [main] INFO  com.qa.opencart.pages.HomePage - Opening my account menu
18:27:39.120 [main] INFO  com.qa.opencart.pages.HomePage - clcik on loginLink under my account menu
18:27:41.791 [main] INFO  com.qa.opencart.testcase.HomePageTest - Verify the Login page title
18:27:41.805 [main] INFO  com.qa.opencart.utils.WebDriverUtils - Title of the page is :: Account Login
18:27:41.805 [main] INFO  com.qa.opencart.testcase.HomePageTest - navigate back to home page
18:27:41.805 [main] INFO  com.qa.opencart.pages.LoginPage - click on breadcrumb home icon
18:27:45.013 [main] INFO  com.qa.opencart.utils.WebDriverUtils - Title of the page is :: Your Store
18:27:46.700 [main] INFO  com.qa.opencart.factory.WebDriverFactory - clear the cache/cookies 
18:27:46.718 [main] INFO  com.qa.opencart.factory.WebDriverFactory - adding implicit wait 
18:27:46.723 [main] INFO  com.qa.opencart.factory.WebDriverFactory - maximize the window
18:27:46.873 [main] INFO  com.qa.opencart.factory.TestBase - create object for WebDriverWait class
18:27:49.605 [main] INFO  com.qa.opencart.testcase.LoginPageTest - Initilizing the page classe objects
18:27:49.615 [main] INFO  com.qa.opencart.testcase.LoginPageTest - navigate to login page
18:27:49.615 [main] INFO  com.qa.opencart.pages.HomePage - Opening my account menu
18:27:51.826 [main] INFO  com.qa.opencart.pages.HomePage - clcik on loginLink under my account menu
18:27:54.486 [main] INFO  com.qa.opencart.testcase.LoginPageTest - Verify the login page url test
18:27:54.728 [main] INFO  com.qa.opencart.testcase.LoginPageTest - Verify the login page title Test
18:27:54.743 [main] INFO  com.qa.opencart.utils.WebDriverUtils - Title of the page is :: Account Login
18:27:54.932 [main] INFO  com.qa.opencart.testcase.LoginPageTest - Verifying the login page elements
18:27:54.994 [main] INFO  com.qa.opencart.utils.WebDriverUtils - Element is displayed::[[ChromeDriver: chrome on windows (9ea75e43902e6046bb0d2d7ddaef9834)] -> css selector: div.well>h2]
18:27:55.055 [main] INFO  com.qa.opencart.utils.WebDriverUtils - Element is displayed::[[ChromeDriver: chrome on windows (9ea75e43902e6046bb0d2d7ddaef9834)] -> xpath: //h2[normalize-space()='Returning Customer']]
18:27:55.119 [main] INFO  com.qa.opencart.utils.WebDriverUtils - Element is displayed::[[ChromeDriver: chrome on windows (9ea75e43902e6046bb0d2d7ddaef9834)] -> xpath: //ul[@class='breadcrumb']/li[3]/a]
18:27:55.298 [main] INFO  com.qa.opencart.testcase.LoginPageTest - navigate to registration page from login page
18:27:55.299 [main] INFO  com.qa.opencart.pages.LoginPage - click on New Customer continue button
18:27:58.324 [main] INFO  com.qa.opencart.testcase.LoginPageTest - Verify the Registration page title
18:27:58.336 [main] INFO  com.qa.opencart.utils.WebDriverUtils - Title of the page is :: Register Account
18:27:58.336 [main] INFO  com.qa.opencart.testcase.LoginPageTest - navigate back to Login page
18:27:58.336 [main] INFO  com.qa.opencart.pages.RegistrationPage - click LoginPage Link
18:28:01.206 [main] INFO  com.qa.opencart.testcase.LoginPageTest - navigate to Forgot Password Page
18:28:01.207 [main] INFO  com.qa.opencart.pages.LoginPage - click on forgot password link
18:28:03.964 [main] INFO  com.qa.opencart.testcase.LoginPageTest - Verify the forgot password page title
18:28:03.978 [main] INFO  com.qa.opencart.utils.WebDriverUtils - Title of the page is :: Forgot Your Password?
18:28:03.978 [main] INFO  com.qa.opencart.testcase.LoginPageTest - navigate back to login page
18:28:03.979 [main] INFO  com.qa.opencart.pages.ForgotPasswordPage - click on Back button
18:28:06.871 [main] INFO  com.qa.opencart.testcase.LoginPageTest - provide empty creds 
18:28:06.871 [main] INFO  com.qa.opencart.pages.LoginPage - Performing the login operation
18:28:11.467 [main] INFO  com.qa.opencart.pages.LoginPage - click on login button
18:28:14.142 [main] INFO  com.qa.opencart.testcase.LoginPageTest - Verify the empty creds error message
18:28:14.433 [main] INFO  com.qa.opencart.testcase.LoginPageTest - TC_07_Happypath login test
18:28:14.434 [main] INFO  com.qa.opencart.pages.LoginPage - Performing the login operation
18:28:19.065 [main] INFO  com.qa.opencart.pages.LoginPage - click on login button
18:28:22.148 [main] INFO  com.qa.opencart.testcase.LoginPageTest - Verify the my account page title
18:28:22.156 [main] INFO  com.qa.opencart.utils.WebDriverUtils - Title of the page is :: My Account
18:28:22.378 [main] INFO  com.qa.opencart.testcase.LoginPageTest - TC_08_logout test
18:28:22.378 [main] INFO  com.qa.opencart.pages.MyAccountPage - click on My Account menu link
18:28:24.614 [main] INFO  com.qa.opencart.pages.MyAccountPage - click on logout link
18:28:27.797 [main] INFO  com.qa.opencart.testcase.LoginPageTest - Verify the logout page title
18:28:27.807 [main] INFO  com.qa.opencart.utils.WebDriverUtils - Title of the page is :: Account Logout
18:28:27.807 [main] INFO  com.qa.opencart.pages.LogoutPage - click on continue btn in logout page
18:28:30.630 [main] INFO  com.qa.opencart.utils.WebDriverUtils - Title of the page is :: Your Store
18:28:32.629 [main] INFO  com.qa.opencart.factory.WebDriverFactory - clear the cache/cookies 
18:28:32.646 [main] INFO  com.qa.opencart.factory.WebDriverFactory - adding implicit wait 
18:28:32.650 [main] INFO  com.qa.opencart.factory.WebDriverFactory - maximize the window
18:28:32.818 [main] INFO  com.qa.opencart.factory.TestBase - create object for WebDriverWait class
18:28:35.893 [main] INFO  com.qa.opencart.testcase.MyAccountPageTest - Initilizing the page classe objects
18:28:35.901 [main] INFO  com.qa.opencart.testcase.MyAccountPageTest - navigate to login page
18:28:35.902 [main] INFO  com.qa.opencart.pages.HomePage - Opening my account menu
18:28:38.142 [main] INFO  com.qa.opencart.pages.HomePage - clcik on loginLink under my account menu
18:28:40.827 [main] INFO  com.qa.opencart.pages.LoginPage - Performing the login operation
18:28:45.515 [main] INFO  com.qa.opencart.pages.LoginPage - click on login button
18:28:48.666 [main] INFO  com.qa.opencart.testcase.MyAccountPageTest - Verify the my account page title
18:28:48.678 [main] INFO  com.qa.opencart.utils.WebDriverUtils - Title of the page is :: My Account
18:28:48.704 [main] INFO  com.qa.opencart.testcase.MyAccountPageTest - Verify the MyAccount page url test
18:28:48.704 [main] INFO  com.qa.opencart.pages.MyAccountPage - fetch my account page url
18:28:48.966 [main] INFO  com.qa.opencart.testcase.MyAccountPageTest - Verify the  my account page title Test
18:28:48.976 [main] INFO  com.qa.opencart.utils.WebDriverUtils - Title of the page is :: My Account
18:28:49.185 [main] INFO  com.qa.opencart.testcase.MyAccountPageTest - Verifying the MyAccount page elements
18:28:49.267 [main] INFO  com.qa.opencart.utils.WebDriverUtils - Element is displayed::[[ChromeDriver: chrome on windows (0525ca33c999292992d0dfe48c37168f)] -> css selector: input[placeholder='Search']]
18:28:49.267 [main] INFO  com.qa.opencart.pages.MyAccountPage - click on My Account menu link
18:28:51.537 [main] INFO  com.qa.opencart.utils.WebDriverUtils - Element is displayed::[[ChromeDriver: chrome on windows (0525ca33c999292992d0dfe48c37168f)] -> link text: Logout]
18:28:51.752 [main] INFO  com.qa.opencart.testcase.MyAccountPageTest - TC_04_Verify My account options List
18:28:51.752 [main] INFO  com.qa.opencart.pages.MyAccountPage - click on My Account menu link
18:28:54.217 [main] INFO  com.qa.opencart.testcase.MyAccountPageTest - TC_04_Verify My account options List
18:28:54.457 [main] INFO  com.qa.opencart.testcase.MyAccountPageTest - Verify the broken links in my account page
18:29:39.592 [main] INFO  com.qa.opencart.testcase.MyAccountPageTest - TC_07_Perform the product search
18:29:39.593 [main] INFO  com.qa.opencart.pages.MyAccountPage - Searching for the product:MacBook
18:29:39.651 [main] INFO  com.qa.opencart.utils.WebDriverUtils - Element is displayed::[[ChromeDriver: chrome on windows (0525ca33c999292992d0dfe48c37168f)] -> css selector: input[placeholder='Search']]
18:29:45.568 [main] INFO  com.qa.opencart.testcase.MyAccountPageTest - TC_07_Perform the product search
18:29:45.568 [main] INFO  com.qa.opencart.pages.MyAccountPage - Searching for the product:iMac
18:29:45.615 [main] INFO  com.qa.opencart.utils.WebDriverUtils - Element is displayed::[[ChromeDriver: chrome on windows (0525ca33c999292992d0dfe48c37168f)] -> css selector: input[placeholder='Search']]
18:29:51.475 [main] INFO  com.qa.opencart.testcase.MyAccountPageTest - TC_07_Perform the product search
18:29:51.475 [main] INFO  com.qa.opencart.pages.MyAccountPage - Searching for the product:Samsung
18:29:51.526 [main] INFO  com.qa.opencart.utils.WebDriverUtils - Element is displayed::[[ChromeDriver: chrome on windows (0525ca33c999292992d0dfe48c37168f)] -> css selector: input[placeholder='Search']]
18:29:57.393 [main] INFO  com.qa.opencart.testcase.MyAccountPageTest - TC_08_logout test
18:29:57.393 [main] INFO  com.qa.opencart.pages.MyAccountPage - click on My Account menu link
18:29:59.622 [main] INFO  com.qa.opencart.pages.MyAccountPage - click on logout link
18:30:03.056 [main] INFO  com.qa.opencart.testcase.MyAccountPageTest - Verify the logout page title
18:30:03.069 [main] INFO  com.qa.opencart.utils.WebDriverUtils - Title of the page is :: Account Logout
18:30:03.070 [main] INFO  com.qa.opencart.pages.LogoutPage - click on continue btn in logout page
18:30:06.177 [main] INFO  com.qa.opencart.utils.WebDriverUtils - Title of the page is :: Your Store
18:30:08.230 [main] INFO  com.qa.opencart.factory.WebDriverFactory - clear the cache/cookies 
18:30:08.245 [main] INFO  com.qa.opencart.factory.WebDriverFactory - adding implicit wait 
18:30:08.248 [main] INFO  com.qa.opencart.factory.WebDriverFactory - maximize the window
18:30:08.391 [main] INFO  com.qa.opencart.factory.TestBase - create object for WebDriverWait class
18:30:11.363 [main] INFO  com.qa.opencart.testcase.ProductDetailsPageTest - Initilizing the page class objects
18:30:11.369 [main] INFO  com.qa.opencart.pages.HomePage - Opening my account menu
18:30:13.576 [main] INFO  com.qa.opencart.pages.HomePage - clcik on loginLink under my account menu
18:30:16.234 [main] INFO  com.qa.opencart.pages.LoginPage - Performing the login operation
18:30:20.958 [main] INFO  com.qa.opencart.pages.LoginPage - click on login button
18:30:24.042 [main] INFO  com.qa.opencart.testcase.ProductDetailsPageTest - Perform product search in MyAccountPage 
18:30:24.042 [main] INFO  com.qa.opencart.pages.MyAccountPage - Searching for the product:Macbook
18:30:24.113 [main] INFO  com.qa.opencart.utils.WebDriverUtils - Element is displayed::[[ChromeDriver: chrome on windows (fc4de19b1af001e4a8299ba35933d29d)] -> css selector: input[placeholder='Search']]
18:30:29.298 [main] INFO  com.qa.opencart.testcase.ProductDetailsPageTest - select product name in search results page
18:30:39.836 [main] INFO  com.qa.opencart.testcase.ProductDetailsPageTest - fetch the product image count for particular searched product
18:30:40.083 [main] INFO  com.qa.opencart.testcase.ProductDetailsPageTest - Perform product search in MyAccountPage 
18:30:40.083 [main] INFO  com.qa.opencart.pages.MyAccountPage - Searching for the product:Macbook
18:30:40.132 [main] INFO  com.qa.opencart.utils.WebDriverUtils - Element is displayed::[[ChromeDriver: chrome on windows (fc4de19b1af001e4a8299ba35933d29d)] -> css selector: input[placeholder='Search']]
18:30:45.337 [main] INFO  com.qa.opencart.testcase.ProductDetailsPageTest - select product name in search results page
18:30:55.365 [main] INFO  com.qa.opencart.testcase.ProductDetailsPageTest - fetch the product image count for particular searched product
18:30:55.599 [main] INFO  com.qa.opencart.testcase.ProductDetailsPageTest - Perform product search in MyAccountPage 
18:30:55.599 [main] INFO  com.qa.opencart.pages.MyAccountPage - Searching for the product:iMac
18:30:55.647 [main] INFO  com.qa.opencart.utils.WebDriverUtils - Element is displayed::[[ChromeDriver: chrome on windows (fc4de19b1af001e4a8299ba35933d29d)] -> css selector: input[placeholder='Search']]
18:31:00.751 [main] INFO  com.qa.opencart.testcase.ProductDetailsPageTest - select product name in search results page
18:31:10.849 [main] INFO  com.qa.opencart.testcase.ProductDetailsPageTest - fetch the product image count for particular searched product
18:31:11.057 [main] INFO  com.qa.opencart.testcase.ProductDetailsPageTest - Perform product search in MyAccountPage 
18:31:11.057 [main] INFO  com.qa.opencart.pages.MyAccountPage - Searching for the product:Samsung
18:31:11.117 [main] INFO  com.qa.opencart.utils.WebDriverUtils - Element is displayed::[[ChromeDriver: chrome on windows (fc4de19b1af001e4a8299ba35933d29d)] -> css selector: input[placeholder='Search']]
18:31:16.256 [main] INFO  com.qa.opencart.testcase.ProductDetailsPageTest - select product name in search results page
18:31:25.963 [main] INFO  com.qa.opencart.testcase.ProductDetailsPageTest - fetch the product image count for particular searched product
18:31:26.206 [main] INFO  com.qa.opencart.testcase.ProductDetailsPageTest - Perform product search in MyAccountPage 
18:31:26.206 [main] INFO  com.qa.opencart.pages.MyAccountPage - Searching for the product:Apple
18:31:26.258 [main] INFO  com.qa.opencart.utils.WebDriverUtils - Element is displayed::[[ChromeDriver: chrome on windows (fc4de19b1af001e4a8299ba35933d29d)] -> css selector: input[placeholder='Search']]
18:31:31.336 [main] INFO  com.qa.opencart.testcase.ProductDetailsPageTest - select product name in search results page
18:31:41.536 [main] INFO  com.qa.opencart.testcase.ProductDetailsPageTest - fetch the product image count for particular searched product
18:31:41.777 [main] INFO  com.qa.opencart.testcase.ProductDetailsPageTest - Perform product search in MyAccountPage 
18:31:41.777 [main] INFO  com.qa.opencart.pages.MyAccountPage - Searching for the product:MacBook
18:31:41.831 [main] INFO  com.qa.opencart.utils.WebDriverUtils - Element is displayed::[[ChromeDriver: chrome on windows (fc4de19b1af001e4a8299ba35933d29d)] -> css selector: input[placeholder='Search']]
18:31:46.796 [main] INFO  com.qa.opencart.testcase.ProductDetailsPageTest - select product name in search results page
18:31:56.689 [main] INFO  com.qa.opencart.pages.ProductDetailsPage - Product metadata count is:4
18:31:56.718 [main] INFO  com.qa.opencart.pages.ProductDetailsPage - split the metatext based on :
18:31:56.718 [main] INFO  com.qa.opencart.pages.ProductDetailsPage - fetch meta key and value
18:31:56.718 [main] INFO  com.qa.opencart.pages.ProductDetailsPage - Store meta key and value in the map
18:31:56.731 [main] INFO  com.qa.opencart.pages.ProductDetailsPage - split the metatext based on :
18:31:56.731 [main] INFO  com.qa.opencart.pages.ProductDetailsPage - fetch meta key and value
18:31:56.731 [main] INFO  com.qa.opencart.pages.ProductDetailsPage - Store meta key and value in the map
18:31:56.744 [main] INFO  com.qa.opencart.pages.ProductDetailsPage - split the metatext based on :
18:31:56.745 [main] INFO  com.qa.opencart.pages.ProductDetailsPage - fetch meta key and value
18:31:56.745 [main] INFO  com.qa.opencart.pages.ProductDetailsPage - Store meta key and value in the map
18:31:56.763 [main] INFO  com.qa.opencart.pages.ProductDetailsPage - split the metatext based on :
18:31:56.763 [main] INFO  com.qa.opencart.pages.ProductDetailsPage - fetch meta key and value
18:31:56.763 [main] INFO  com.qa.opencart.pages.ProductDetailsPage - Store meta key and value in the map
18:31:56.779 [main] INFO  com.qa.opencart.pages.ProductDetailsPage - Product meta price count is:2
18:31:56.831 [main] INFO  com.qa.opencart.pages.ProductDetailsPage - store the price values in the map
18:31:57.036 [main] INFO  com.qa.opencart.testcase.ProductDetailsPageTest - click on logout link
18:31:57.036 [main] INFO  com.qa.opencart.pages.MyAccountPage - click on My Account menu link
18:31:59.250 [main] INFO  com.qa.opencart.pages.MyAccountPage - click on logout link
18:32:02.211 [main] INFO  com.qa.opencart.utils.WebDriverUtils - Title of the page is :: Account Logout
18:32:02.211 [main] INFO  com.qa.opencart.testcase.ProductDetailsPageTest - Click on Continue button in Logout page
18:32:02.211 [main] INFO  com.qa.opencart.pages.LogoutPage - click on continue btn in logout page
18:32:04.951 [main] INFO  com.qa.opencart.utils.WebDriverUtils - Title of the page is :: Your Store
18:32:06.659 [main] INFO  com.qa.opencart.factory.WebDriverFactory - clear the cache/cookies 
18:32:06.677 [main] INFO  com.qa.opencart.factory.WebDriverFactory - adding implicit wait 
18:32:06.680 [main] INFO  com.qa.opencart.factory.WebDriverFactory - maximize the window
18:32:06.825 [main] INFO  com.qa.opencart.factory.TestBase - create object for WebDriverWait class
18:32:09.550 [main] INFO  com.qa.opencart.testcase.RegistrationPageTest - Initilizing the page class objects
18:32:09.553 [main] INFO  com.qa.opencart.testcase.RegistrationPageTest - navigate to registration page
18:32:09.553 [main] INFO  com.qa.opencart.pages.HomePage - Opening my account menu
18:32:11.748 [main] INFO  com.qa.opencart.pages.HomePage - clcik on registerLink under my account menu
18:32:14.765 [main] INFO  com.qa.opencart.testcase.RegistrationPageTest - Verify the registration page title
18:32:14.776 [main] INFO  com.qa.opencart.utils.WebDriverUtils - Title of the page is :: Register Account
18:32:14.784 [main] INFO  com.qa.opencart.testcase.RegistrationPageTest - Register an account with faker class data test
18:32:14.784 [main] INFO  com.qa.opencart.testcase.RegistrationPageTest - Entering personal details
18:32:14.784 [main] INFO  com.qa.opencart.pages.RegistrationPage - Type the first name value
18:32:17.068 [main] INFO  com.qa.opencart.pages.RegistrationPage - Type the last name value
18:32:19.321 [main] INFO  com.qa.opencart.pages.RegistrationPage - Type the email value
18:32:21.648 [main] INFO  com.qa.opencart.pages.RegistrationPage - Type the telephone value
18:32:24.011 [main] INFO  com.qa.opencart.pages.RegistrationPage - Type the email value
18:32:26.261 [main] INFO  com.qa.opencart.testcase.RegistrationPageTest - Entering address details
18:32:26.261 [main] INFO  com.qa.opencart.pages.RegistrationPage - Type the Company value
18:32:28.524 [main] INFO  com.qa.opencart.pages.RegistrationPage - Type the address1 value
18:32:30.793 [main] INFO  com.qa.opencart.pages.RegistrationPage - Type the address2 value
18:32:33.059 [main] INFO  com.qa.opencart.pages.RegistrationPage - Type the City value
18:32:35.408 [main] INFO  com.qa.opencart.pages.RegistrationPage - Enter the postCode value:
18:32:37.743 [main] INFO  com.qa.opencart.pages.RegistrationPage - select an option from country dropdown by label
18:32:37.995 [main] INFO  com.qa.opencart.utils.WebDriverUtils - Selected option : United States
18:32:38.008 [main] INFO  com.qa.opencart.pages.RegistrationPage - select an option from State dropdown by label
18:32:38.325 [main] INFO  com.qa.opencart.utils.WebDriverUtils - Selected option : New York
18:32:38.326 [main] INFO  com.qa.opencart.testcase.RegistrationPageTest - setting the password 
18:32:38.327 [main] INFO  com.qa.opencart.pages.RegistrationPage - Enter the password value:
18:32:40.604 [main] INFO  com.qa.opencart.pages.RegistrationPage - Enter the email value:
18:32:42.898 [main] INFO  com.qa.opencart.testcase.RegistrationPageTest - selecting the subscribe option yes
18:32:42.898 [main] INFO  com.qa.opencart.pages.RegistrationPage - select newsletter subscription value
18:32:42.898 [main] INFO  com.qa.opencart.pages.RegistrationPage - Select Yes radio button
18:32:45.079 [main] INFO  com.qa.opencart.testcase.RegistrationPageTest - check the privacy policy checkbox
18:32:45.080 [main] INFO  com.qa.opencart.pages.RegistrationPage - check Agree checkbox
18:32:45.119 [main] INFO  com.qa.opencart.utils.WebDriverUtils - Element  is already selected:[[ChromeDriver: chrome on windows (0e03aae71a7bdfc5c40ebfe484e1b537)] -> css selector: input[value='1'][name='agree']]
